<?xml version="1.0" encoding="UTF-8"?>
<!-- Generated by org.testng.reporters.JUnitReportReporter -->
<testsuite hostname="DESKTOP-3NE3VV9" failures="0" tests="1" name="com.npu.test.UpdateTest" time="16.781" errors="0" timestamp="2023-07-21T14:16:57 IST" skipped="0">
  <testcase classname="com.npu.test.UpdateTest" name="UpdateNaukriPro" time="16.781"/>
</testsuite> <!-- com.npu.test.UpdateTest -->
